<?xml version="1.0" encoding="UTF-8"?>
<testng-results ignored="0" total="1" passed="1" failed="0" skipped="0">
  <reporter-output>
  </reporter-output>
  <suite started-at="2022-11-23T23:05:25 IST" name="Default suite" finished-at="2022-11-23T23:05:33 IST" duration-ms="8391">
    <groups>
    </groups>
    <test started-at="2022-11-23T23:05:25 IST" name="Default test" finished-at="2022-11-23T23:05:33 IST" duration-ms="8391">
      <class name="selenium.Introduction">
        <test-method is-config="true" signature="chrome()[pri:0, instance:selenium.Introduction@54e1c68b]" started-at="2022-11-23T23:05:25 IST" name="chrome" finished-at="2022-11-23T23:05:30 IST" duration-ms="4700" status="PASS">
          <reporter-output>
          </reporter-output>
        </test-method> <!-- chrome -->
        <test-method signature="getdata()[pri:0, instance:selenium.Introduction@54e1c68b]" started-at="2022-11-23T23:05:30 IST" name="getdata" finished-at="2022-11-23T23:05:33 IST" duration-ms="3136" status="PASS">
          <reporter-output>
          </reporter-output>
        </test-method> <!-- getdata -->
        <test-method is-config="true" signature="tearDown()[pri:0, instance:selenium.Introduction@54e1c68b]" started-at="2022-11-23T23:05:33 IST" name="tearDown" finished-at="2022-11-23T23:05:33 IST" duration-ms="438" status="PASS">
          <reporter-output>
          </reporter-output>
        </test-method> <!-- tearDown -->
      </class> <!-- selenium.Introduction -->
    </test> <!-- Default test -->
  </suite> <!-- Default suite -->
</testng-results>
