<?xml version="1.0" encoding="UTF-8"?>
<testng-results ignored="0" total="1" passed="1" failed="0" skipped="0">
  <reporter-output>
  </reporter-output>
  <suite started-at="2022-11-26T22:40:43 IST" name="Default suite" finished-at="2022-11-26T22:40:57 IST" duration-ms="13531">
    <groups>
    </groups>
    <test started-at="2022-11-26T22:40:43 IST" name="Default test" finished-at="2022-11-26T22:40:57 IST" duration-ms="13531">
      <class name="selenium.Introduction">
        <test-method is-config="true" signature="chrome()[pri:0, instance:selenium.Introduction@54e1c68b]" started-at="2022-11-26T22:40:44 IST" name="chrome" finished-at="2022-11-26T22:40:52 IST" duration-ms="8612" status="PASS">
          <reporter-output>
          </reporter-output>
        </test-method> <!-- chrome -->
        <test-method signature="getdata()[pri:0, instance:selenium.Introduction@54e1c68b]" started-at="2022-11-26T22:40:52 IST" name="getdata" finished-at="2022-11-26T22:40:56 IST" duration-ms="4060" status="PASS">
          <reporter-output>
          </reporter-output>
        </test-method> <!-- getdata -->
        <test-method is-config="true" signature="tearDown()[pri:0, instance:selenium.Introduction@54e1c68b]" started-at="2022-11-26T22:40:56 IST" name="tearDown" finished-at="2022-11-26T22:40:57 IST" duration-ms="731" status="PASS">
          <reporter-output>
          </reporter-output>
        </test-method> <!-- tearDown -->
      </class> <!-- selenium.Introduction -->
    </test> <!-- Default test -->
  </suite> <!-- Default suite -->
</testng-results>
